<?xml version="1.0" encoding="UTF-8"?>
<!-- Generated by org.testng.reporters.JUnitXMLReporter -->
<testsuite hostname="DESKTOP-2NAMQF0" ignored="0" name="ChromeTest" tests="8" failures="0" timestamp="2022-12-23T23:17:38 IST" time="39.149" errors="0">
  <testcase name="verifyLogo" time="0.025" classname="com.restuarant.testcases.LoginPageTest"/>
  <testcase name="invalidLogin" time="4.377" classname="com.restuarant.testcases.LoginPageTest"/>
  <testcase name="invalidPassword" time="5.001" classname="com.restuarant.testcases.LoginPageTest"/>
  <testcase name="invalidUsername" time="3.946" classname="com.restuarant.testcases.LoginPageTest"/>
  <testcase name="blankUsername" time="3.744" classname="com.restuarant.testcases.LoginPageTest"/>
  <testcase name="blankPassword" time="3.709" classname="com.restuarant.testcases.LoginPageTest"/>
  <testcase name="blankUsernamePassword" time="3.442" classname="com.restuarant.testcases.LoginPageTest"/>
  <testcase name="login" time="6.939" classname="com.restuarant.testcases.LoginPageTest"/>
</testsuite> <!-- ChromeTest -->
