<?xml version="1.0" encoding="UTF-8"?>
<!-- Generated by org.testng.reporters.JUnitXMLReporter -->
<testsuite hostname="DESKTOP-2NAMQF0" ignored="0" name="Firefox" tests="8" failures="2" timestamp="2022-12-23T23:18:15 IST" time="36.181" errors="0">
  <testcase name="verifyLogo" time="0.006" classname="com.restuarant.testcases.LoginPageTest"/>
  <testcase name="invalidLogin" time="3.743" classname="com.restuarant.testcases.LoginPageTest"/>
  <testcase name="invalidPassword" time="0.114" classname="com.restuarant.testcases.LoginPageTest">
    <failure type="org.openqa.selenium.ElementNotInteractableException" message="Element &amp;lt;input name=&amp;quot;username&amp;quot; type=&amp;quot;text&amp;quot;&amp;gt; could not be scrolled into view
Build info: version: &amp;apos;4.4.0&amp;apos;, revision: &amp;apos;e5c75ed026a&amp;apos;
System info: host: &amp;apos;DESKTOP-2NAMQF0&amp;apos;, ip: &amp;apos;192.168.1.5&amp;apos;, os.name: &amp;apos;Windows 10&amp;apos;, os.arch: &amp;apos;amd64&amp;apos;, os.version: &amp;apos;10.0&amp;apos;, java.version: &amp;apos;1.8.0_202&amp;apos;
Driver info: org.openqa.selenium.firefox.FirefoxDriver
Command: [4cacbb1a-39b2-4f42-9cf6-02d5bd318883, clearElement {id=b391a945-5524-4a98-b482-d99cd610e277}]
Capabilities {acceptInsecureCerts: true, browserName: firefox, browserVersion: 72.0.2, moz:accessibilityChecks: false, moz:buildID: 20200117190643, moz:geckodriverVersion: 0.32.0, moz:headless: false, moz:processID: 13592, moz:profile: C:\Users\user\AppData\Local..., moz:shutdownTimeout: 60000, moz:useNonSpecCompliantPointerOrigin: false, moz:webdriverClick: true, pageLoadStrategy: normal, platformName: WINDOWS, platformVersion: 10.0, rotatable: false, setWindowRect: true, strictFileInteractability: false, timeouts: {implicit: 0, pageLoad: 300000, script: 30000}, unhandledPromptBehavior: dismiss and notify}
Element: [[FirefoxDriver: firefox on WINDOWS (4cacbb1a-39b2-4f42-9cf6-02d5bd318883)] -&amp;gt; xpath: //input[@name=&amp;apos;username&amp;apos;]]
Session ID: 4cacbb1a-39b2-4f42-9cf6-02d5bd318883">
      <![CDATA[org.openqa.selenium.ElementNotInteractableException: Element <input name="username" type="text"> could not be scrolled into view
Build info: version: '4.4.0', revision: 'e5c75ed026a'
System info: host: 'DESKTOP-2NAMQF0', ip: '192.168.1.5', os.name: 'Windows 10', os.arch: 'amd64', os.version: '10.0', java.version: '1.8.0_202'
Driver info: org.openqa.selenium.firefox.FirefoxDriver
Command: [4cacbb1a-39b2-4f42-9cf6-02d5bd318883, clearElement {id=b391a945-5524-4a98-b482-d99cd610e277}]
Capabilities {acceptInsecureCerts: true, browserName: firefox, browserVersion: 72.0.2, moz:accessibilityChecks: false, moz:buildID: 20200117190643, moz:geckodriverVersion: 0.32.0, moz:headless: false, moz:processID: 13592, moz:profile: C:\Users\user\AppData\Local..., moz:shutdownTimeout: 60000, moz:useNonSpecCompliantPointerOrigin: false, moz:webdriverClick: true, pageLoadStrategy: normal, platformName: WINDOWS, platformVersion: 10.0, rotatable: false, setWindowRect: true, strictFileInteractability: false, timeouts: {implicit: 0, pageLoad: 300000, script: 30000}, unhandledPromptBehavior: dismiss and notify}
Element: [[FirefoxDriver: firefox on WINDOWS (4cacbb1a-39b2-4f42-9cf6-02d5bd318883)] -> xpath: //input[@name='username']]
Session ID: 4cacbb1a-39b2-4f42-9cf6-02d5bd318883
at org.openqa.selenium.remote.codec.w3c.W3CHttpResponseCodec.createException(W3CHttpResponseCodec.java:200)
at org.openqa.selenium.remote.codec.w3c.W3CHttpResponseCodec.decode(W3CHttpResponseCodec.java:133)
at org.openqa.selenium.remote.codec.w3c.W3CHttpResponseCodec.decode(W3CHttpResponseCodec.java:53)
at org.openqa.selenium.remote.HttpCommandExecutor.execute(HttpCommandExecutor.java:184)
at org.openqa.selenium.remote.service.DriverCommandExecutor.invokeExecute(DriverCommandExecutor.java:167)
at org.openqa.selenium.remote.service.DriverCommandExecutor.execute(DriverCommandExecutor.java:142)
at org.openqa.selenium.remote.RemoteWebDriver.execute(RemoteWebDriver.java:547)
at org.openqa.selenium.remote.RemoteWebElement.execute(RemoteWebElement.java:257)
at org.openqa.selenium.remote.RemoteWebElement.clear(RemoteWebElement.java:132)
at org.openqa.selenium.support.pagefactory.internal.LocatingElementHandler.invoke(LocatingElementHandler.java:52)
at com.sun.proxy.$Proxy16.clear(Unknown Source)
at com.restuarant.pages.LoginPage.login(LoginPage.java:34)
at com.restuarant.testcases.LoginPageTest.invalidPassword(LoginPageTest.java:35)
at java.util.ArrayList.forEach(ArrayList.java:1257)
... Removed 34 stack frames]]>
    </failure>
  </testcase> <!-- invalidPassword -->
  <testcase name="invalidUsername" time="4.145" classname="com.restuarant.testcases.LoginPageTest"/>
  <testcase name="blankUsername" time="0.087" classname="com.restuarant.testcases.LoginPageTest">
    <failure type="org.openqa.selenium.ElementNotInteractableException" message="Element &amp;lt;input name=&amp;quot;username&amp;quot; type=&amp;quot;text&amp;quot;&amp;gt; could not be scrolled into view
Build info: version: &amp;apos;4.4.0&amp;apos;, revision: &amp;apos;e5c75ed026a&amp;apos;
System info: host: &amp;apos;DESKTOP-2NAMQF0&amp;apos;, ip: &amp;apos;192.168.1.5&amp;apos;, os.name: &amp;apos;Windows 10&amp;apos;, os.arch: &amp;apos;amd64&amp;apos;, os.version: &amp;apos;10.0&amp;apos;, java.version: &amp;apos;1.8.0_202&amp;apos;
Driver info: org.openqa.selenium.firefox.FirefoxDriver
Command: [4cacbb1a-39b2-4f42-9cf6-02d5bd318883, clearElement {id=2d0d316c-d2df-4922-8f63-8fda39b6a018}]
Capabilities {acceptInsecureCerts: true, browserName: firefox, browserVersion: 72.0.2, moz:accessibilityChecks: false, moz:buildID: 20200117190643, moz:geckodriverVersion: 0.32.0, moz:headless: false, moz:processID: 13592, moz:profile: C:\Users\user\AppData\Local..., moz:shutdownTimeout: 60000, moz:useNonSpecCompliantPointerOrigin: false, moz:webdriverClick: true, pageLoadStrategy: normal, platformName: WINDOWS, platformVersion: 10.0, rotatable: false, setWindowRect: true, strictFileInteractability: false, timeouts: {implicit: 0, pageLoad: 300000, script: 30000}, unhandledPromptBehavior: dismiss and notify}
Element: [[FirefoxDriver: firefox on WINDOWS (4cacbb1a-39b2-4f42-9cf6-02d5bd318883)] -&amp;gt; xpath: //input[@name=&amp;apos;username&amp;apos;]]
Session ID: 4cacbb1a-39b2-4f42-9cf6-02d5bd318883">
      <![CDATA[org.openqa.selenium.ElementNotInteractableException: Element <input name="username" type="text"> could not be scrolled into view
Build info: version: '4.4.0', revision: 'e5c75ed026a'
System info: host: 'DESKTOP-2NAMQF0', ip: '192.168.1.5', os.name: 'Windows 10', os.arch: 'amd64', os.version: '10.0', java.version: '1.8.0_202'
Driver info: org.openqa.selenium.firefox.FirefoxDriver
Command: [4cacbb1a-39b2-4f42-9cf6-02d5bd318883, clearElement {id=2d0d316c-d2df-4922-8f63-8fda39b6a018}]
Capabilities {acceptInsecureCerts: true, browserName: firefox, browserVersion: 72.0.2, moz:accessibilityChecks: false, moz:buildID: 20200117190643, moz:geckodriverVersion: 0.32.0, moz:headless: false, moz:processID: 13592, moz:profile: C:\Users\user\AppData\Local..., moz:shutdownTimeout: 60000, moz:useNonSpecCompliantPointerOrigin: false, moz:webdriverClick: true, pageLoadStrategy: normal, platformName: WINDOWS, platformVersion: 10.0, rotatable: false, setWindowRect: true, strictFileInteractability: false, timeouts: {implicit: 0, pageLoad: 300000, script: 30000}, unhandledPromptBehavior: dismiss and notify}
Element: [[FirefoxDriver: firefox on WINDOWS (4cacbb1a-39b2-4f42-9cf6-02d5bd318883)] -> xpath: //input[@name='username']]
Session ID: 4cacbb1a-39b2-4f42-9cf6-02d5bd318883
at org.openqa.selenium.remote.codec.w3c.W3CHttpResponseCodec.createException(W3CHttpResponseCodec.java:200)
at org.openqa.selenium.remote.codec.w3c.W3CHttpResponseCodec.decode(W3CHttpResponseCodec.java:133)
at org.openqa.selenium.remote.codec.w3c.W3CHttpResponseCodec.decode(W3CHttpResponseCodec.java:53)
at org.openqa.selenium.remote.HttpCommandExecutor.execute(HttpCommandExecutor.java:184)
at org.openqa.selenium.remote.service.DriverCommandExecutor.invokeExecute(DriverCommandExecutor.java:167)
at org.openqa.selenium.remote.service.DriverCommandExecutor.execute(DriverCommandExecutor.java:142)
at org.openqa.selenium.remote.RemoteWebDriver.execute(RemoteWebDriver.java:547)
at org.openqa.selenium.remote.RemoteWebElement.execute(RemoteWebElement.java:257)
at org.openqa.selenium.remote.RemoteWebElement.clear(RemoteWebElement.java:132)
at org.openqa.selenium.support.pagefactory.internal.LocatingElementHandler.invoke(LocatingElementHandler.java:52)
at com.sun.proxy.$Proxy16.clear(Unknown Source)
at com.restuarant.pages.LoginPage.login(LoginPage.java:34)
at com.restuarant.testcases.LoginPageTest.blankUsername(LoginPageTest.java:57)
at java.util.ArrayList.forEach(ArrayList.java:1257)
... Removed 34 stack frames]]>
    </failure>
  </testcase> <!-- blankUsername -->
  <testcase name="blankPassword" time="3.434" classname="com.restuarant.testcases.LoginPageTest"/>
  <testcase name="blankUsernamePassword" time="3.756" classname="com.restuarant.testcases.LoginPageTest"/>
  <testcase name="login" time="6.562" classname="com.restuarant.testcases.LoginPageTest"/>
</testsuite> <!-- Firefox -->
